This file contains any messages produced by compilers while
running configure, to aid debugging if configure makes a mistake.

It was created by configure, which was
generated by GNU Autoconf 2.64.  Invocation command line was

  $ ./configure --disable-option-checking --prefix=/home/jfchen/ProgramC/gnuplot/gnuplot --cache-file=/dev/null --srcdir=.

## --------- ##
## Platform. ##
## --------- ##

hostname = MSCHENLAB
uname -m = x86_64
uname -r = 2.6.32-220.23.1.el6.x86_64
uname -s = Linux
uname -v = #1 SMP Mon Jun 18 18:58:52 BST 2012

/usr/bin/uname -p = unknown
/bin/uname -X     = unknown

/bin/arch              = x86_64
/usr/bin/arch -k       = unknown
/usr/convex/getsysinfo = unknown
/usr/bin/hostinfo      = unknown
/bin/machine           = unknown
/usr/bin/oslevel       = unknown
/bin/universe          = unknown

PATH: /usr/lib64/qt-3.3/bin
PATH: /usr/local/bin
PATH: /bin
PATH: /usr/bin
PATH: /usr/local/sbin
PATH: /usr/sbin
PATH: /sbin
PATH: /usr/local/genome/bin
PATH: /export/biosoftware/bin
PATH: /home/jfchen/software/SV/dmd2/linux/bin64/
PATH: /home/jfchen/software/bin/
PATH: /export/biosoftware/bin/
PATH: /home/jfchen/software/QTLCartUnix/bin
PATH: /home/jfchen/bin


## ----------- ##
## Core tests. ##
## ----------- ##

configure:1732: checking for a BSD-compatible install
configure:1800: result: /usr/bin/install -c
configure:1811: checking whether build environment is sane
configure:1861: result: yes
configure:2002: checking for a thread-safe mkdir -p
configure:2041: result: /bin/mkdir -p
configure:2054: checking for gawk
configure:2070: found /bin/gawk
configure:2081: result: gawk
configure:2092: checking whether make sets $(MAKE)
configure:2114: result: yes
configure:2195: checking whether make sets $(MAKE)
configure:2217: result: yes
configure:2234: checking for emacs
configure:2250: found /usr/bin/emacs
configure:2261: result: emacs
configure:2285: checking where .elc files should go
configure:2298: $EMACS -batch -q -eval '(while load-path (princ (concat (car load-path) "\n")) (setq load-path (cdr load-path)))' </dev/null >conftest.out
Loading /usr/share/emacs/site-lisp/site-start.d/focus-init.el (source)...
Loading /usr/share/emacs/site-lisp/site-start.d/php-mode-init.el (source)...
Loading /usr/share/emacs/site-lisp/site-start.d/po-mode-init.el (source)...
Loading /usr/share/emacs/site-lisp/site-start.d/rpm-spec-mode-init.el (source)...
Loading /usr/share/emacs/site-lisp/site-start.d/rpmdev-init.el (source)...
configure:2301: $? = 0
configure:2314: result: ${datarootdir}/emacs/site-lisp
configure:2329: checking for dvips
configure:2345: found /usr/bin/dvips
configure:2356: result: dvips
configure:2372: checking for latex
configure:2388: found /usr/bin/latex
configure:2399: result: latex
configure:2413: checking for makeinfo
configure:2444: result: no
configure:2457: checking for pdflatex
configure:2473: found /usr/bin/pdflatex
configure:2484: result: pdflatex
configure:2526: checking for emacs version
configure:2533: result: 23.1.1
configure:2537: checking whether info-look.el is needed
configure:2558: result: not needed with emacs 23.1.1
configure:2706: creating ./config.status

## ---------------------- ##
## Running config.status. ##
## ---------------------- ##

This file was extended by config.status, which was
generated by GNU Autoconf 2.64.  Invocation command line was

  CONFIG_FILES    = 
  CONFIG_HEADERS  = 
  CONFIG_LINKS    = 
  CONFIG_COMMANDS = 
  $ ./config.status 

on MSCHENLAB

config.status:746: creating Makefile

## ---------------- ##
## Cache variables. ##
## ---------------- ##

ac_cv_env_EMACSLOADPATH_set=
ac_cv_env_EMACSLOADPATH_value=
ac_cv_env_EMACS_set=
ac_cv_env_EMACS_value=
ac_cv_env_build_alias_set=
ac_cv_env_build_alias_value=
ac_cv_env_host_alias_set=
ac_cv_env_host_alias_value=
ac_cv_env_target_alias_set=
ac_cv_env_target_alias_value=
ac_cv_path_MAKEINFO=no
ac_cv_path_install='/usr/bin/install -c'
ac_cv_path_mkdir=/bin/mkdir
ac_cv_prog_AWK=gawk
ac_cv_prog_DVIPS=dvips
ac_cv_prog_EMACS=emacs
ac_cv_prog_LATEX=latex
ac_cv_prog_PDFLATEX=pdflatex
ac_cv_prog_make_make_set=yes
am_cv_lispdir='${datarootdir}/emacs/site-lisp'

## ----------------- ##
## Output variables. ##
## ----------------- ##

ACLOCAL='${SHELL} /home/jfchen/ProgramC/gnuplot/gnuplot-4.4.0/missing --run aclocal-1.11'
AMTAR='${SHELL} /home/jfchen/ProgramC/gnuplot/gnuplot-4.4.0/missing --run tar'
AUTOCONF='${SHELL} /home/jfchen/ProgramC/gnuplot/gnuplot-4.4.0/missing --run autoconf'
AUTOHEADER='${SHELL} /home/jfchen/ProgramC/gnuplot/gnuplot-4.4.0/missing --run autoheader'
AUTOMAKE='${SHELL} /home/jfchen/ProgramC/gnuplot/gnuplot-4.4.0/missing --run automake-1.11'
AWK='gawk'
CYGPATH_W='echo'
DEFS='-DPACKAGE_NAME=\"\" -DPACKAGE_TARNAME=\"\" -DPACKAGE_VERSION=\"\" -DPACKAGE_STRING=\"\" -DPACKAGE_BUGREPORT=\"\" -DPACKAGE_URL=\"\" -DPACKAGE=\"gnuplot-mode\" -DVERSION=\"0.6.0\"'
DVIPS='dvips'
ECHO_C=''
ECHO_N='-n'
ECHO_T=''
EMACS='emacs'
EMACSLOADPATH=''
INFO_LOOK_ELC=''
INSTALL_DATA='${INSTALL} -m 644'
INSTALL_LISP='install-lisp'
INSTALL_PROGRAM='${INSTALL}'
INSTALL_SCRIPT='${INSTALL}'
INSTALL_STRIP_PROGRAM='$(install_sh) -c -s'
LATEX='latex'
LIBOBJS=''
LIBS=''
LISPFILES='elcs'
LTLIBOBJS=''
MAKEINFO='no'
MKDIR_P='/bin/mkdir -p'
PACKAGE='gnuplot-mode'
PACKAGE_BUGREPORT=''
PACKAGE_NAME=''
PACKAGE_STRING=''
PACKAGE_TARNAME=''
PACKAGE_URL=''
PACKAGE_VERSION=''
PATH_SEPARATOR=':'
PDFLATEX='pdflatex'
SET_MAKE=''
SHELL='/bin/sh'
STRIP=''
VERSION='0.6.0'
am__isrc=''
am__leading_dot='.'
am__tar='${AMTAR} chof - "$$tardir"'
am__untar='${AMTAR} xf -'
bindir='${exec_prefix}/bin'
build_alias=''
datadir='${datarootdir}'
datarootdir='${prefix}/share'
docdir='${datarootdir}/doc/${PACKAGE}'
dvidir='${docdir}'
exec_prefix='${prefix}'
host_alias=''
htmldir='${docdir}'
includedir='${prefix}/include'
infodir='${datarootdir}/info'
install_sh='${SHELL} /home/jfchen/ProgramC/gnuplot/gnuplot-4.4.0/install-sh'
libdir='${exec_prefix}/lib'
libexecdir='${exec_prefix}/libexec'
lispdir='${datarootdir}/emacs/site-lisp'
localedir='${datarootdir}/locale'
localstatedir='${prefix}/var'
mandir='${datarootdir}/man'
mkdir_p='/bin/mkdir -p'
oldincludedir='/usr/include'
pdfdir='${docdir}'
prefix='/home/jfchen/ProgramC/gnuplot/gnuplot'
program_transform_name='s,x,x,'
psdir='${docdir}'
sbindir='${exec_prefix}/sbin'
sharedstatedir='${prefix}/com'
sysconfdir='${prefix}/etc'
target_alias=''

## ----------- ##
## confdefs.h. ##
## ----------- ##

/* confdefs.h */
#define PACKAGE_NAME ""
#define PACKAGE_TARNAME ""
#define PACKAGE_VERSION ""
#define PACKAGE_STRING ""
#define PACKAGE_BUGREPORT ""
#define PACKAGE_URL ""
#define PACKAGE "gnuplot-mode"
#define VERSION "0.6.0"

configure: exit 0
