ms 10 10 -t 10 -r 10 10 
58982 22490 27535

//
segsites: 35
positions: 0.0111 0.1042 0.1137 0.1234 0.1271 0.1364 0.1422 0.1480 0.2488 0.2928 0.2934 0.3626 0.3636 0.4070 0.4204 0.4392 0.5760 0.6168 0.6665 0.7166 0.7285 0.7675 0.7842 0.7940 0.8044 0.8673 0.8773 0.8909 0.8928 0.9141 0.9348 0.9419 0.9872 0.9885 0.9917 
00000000000001110001010000110101001
00000000000001110001010000100100001
00000000010011110001010000100100001
00000000000001110001011000100100001
00000000000001110001010000100100001
01110110000101110001010000100100001
00000000001001110101011000100100001
10111110000000001010100011000000110
00110110100011110001010000100100001
00000001000001110010100101001110001

//
segsites: 40
positions: 0.0002 0.0219 0.0407 0.0427 0.0587 0.0743 0.0963 0.1344 0.1986 0.2047 0.2361 0.2601 0.2613 0.3213 0.3423 0.3424 0.3709 0.4002 0.4050 0.4229 0.4589 0.4766 0.4779 0.4895 0.4946 0.5663 0.5893 0.6061 0.6290 0.6345 0.6637 0.7027 0.7456 0.8298 0.8700 0.9000 0.9251 0.9383 0.9454 0.9944 
0000000001001110001001000001100001000011
0001100001010101001001000001100000010000
0100001001000110001001000001100001000000
0000000011000110000001000010011001000011
0000000101001110001001000001100000010000
0011000001000110000001000100001000000100
0100001001000110001001000001100100010000
0000000011000110000011000000001000001010
0000000001001110001001000001100000110000
1000010000100000110100111000000010000000

//
segsites: 32
positions: 0.0268 0.1079 0.1488 0.1882 0.1976 0.2013 0.2175 0.2711 0.2924 0.3043 0.3274 0.3520 0.3701 0.3716 0.3733 0.4201 0.4310 0.4631 0.4770 0.4909 0.5057 0.5170 0.5878 0.5943 0.6171 0.6263 0.6670 0.8959 0.9016 0.9124 0.9300 0.9506 
01000000011001010000100010000001
01000110011001100001011000011110
00101001011001001110100000000001
00101000011001001110100000000001
00000000000110000001001001001110
00101000011001001110100000000001
01000110011001100001001100001110
10010000100110000001001001101110
01000110011001100001001000011110
01000000011001010000100010000001

//
segsites: 46
positions: 0.0091 0.0231 0.0473 0.0512 0.0543 0.0618 0.0776 0.1193 0.1657 0.2093 0.2312 0.2350 0.2602 0.2625 0.2944 0.3046 0.3538 0.3746 0.3804 0.3938 0.4273 0.4326 0.4610 0.5019 0.5441 0.5516 0.5577 0.5788 0.6454 0.6462 0.6482 0.6650 0.6863 0.6870 0.6994 0.7012 0.7094 0.8075 0.8106 0.8420 0.8724 0.8783 0.8936 0.9067 0.9090 0.9455 
1111100110010110101100000000000101000011010100
0000011001001001000010000100110000000000101001
0000011001001001010001000100110000000000101000
1111100110010110101100001001000101000000101001
1111100110010110101100000000000101000000101001
0000011001001000000000000110000011111010010100
0000011001101001000000000100110000000100101010
1111100110010110101100110000000101000011010100
1111100110010110101100000000001101000011010100
1111100110010110101100000000001101000011010100

//
segsites: 36
positions: 0.0529 0.0567 0.0571 0.0643 0.1602 0.2017 0.2410 0.2451 0.2613 0.3154 0.3347 0.3440 0.3447 0.4527 0.4717 0.4820 0.4861 0.4920 0.4928 0.5035 0.5055 0.5149 0.5320 0.5498 0.5675 0.5956 0.6597 0.7199 0.7512 0.8089 0.8210 0.8236 0.8733 0.9648 0.9868 0.9912 
101000000000100100000000110000000011
101000000000100100000000110000001011
010001010110010010110010000011100011
101000101001000000000001100011100100
101000000000100100000000110011110011
000001000100000000110010001011100011
101000000000100101001100100100000100
010001010100010010110010000011100011
000111000100001000001000100100000100
101000000000100101001100100100000100

//
segsites: 7
positions: 0.0925 0.1694 0.4834 0.5283 0.5780 0.7608 0.8728 
0101000
0000100
0000000
0000001
0100000
0000000
0100000
1010011
1010011
0000000

//
segsites: 22
positions: 0.1478 0.1590 0.3680 0.4459 0.4856 0.6098 0.7417 0.7850 0.8069 0.8183 0.8504 0.8592 0.8630 0.8635 0.8662 0.8712 0.9057 0.9215 0.9618 0.9658 0.9673 0.9722 
0001011011011000111010
1010000111011000111010
0001011011011000111010
0100110011110001111011
0001011000000110000000
0000110011110001111011
0001011000000100000100
0001010011110001111011
0001011000000100000000
1000000111011000111010

//
segsites: 34
positions: 0.0319 0.0635 0.0640 0.0911 0.0948 0.1121 0.1182 0.1207 0.1437 0.1449 0.1600 0.2112 0.2259 0.2301 0.2807 0.2863 0.2986 0.3211 0.3245 0.3973 0.4169 0.4538 0.5501 0.6457 0.6810 0.7427 0.7813 0.7845 0.7868 0.8187 0.8874 0.9047 0.9094 0.9795 
1100000001100001110001010000001101
0000010001000001110001100001101101
0010010001000001110001100001101101
1100000001000001111010001100001101
1100000001000001110001100001101101
0000010001000001110001100001101101
0000010001000001110001100001111101
0000000001000001110101010100000010
1100000001000001110001100001101101
0001101110011110000001000010101101

//
segsites: 49
positions: 0.0014 0.0036 0.0143 0.0197 0.0249 0.0460 0.0556 0.0572 0.0720 0.1005 0.1486 0.1532 0.2197 0.2280 0.2413 0.2449 0.2596 0.2657 0.3180 0.3583 0.3652 0.3907 0.4060 0.4062 0.4265 0.4268 0.4691 0.4927 0.4937 0.5306 0.5344 0.5354 0.5419 0.5454 0.5914 0.6905 0.6906 0.7324 0.7339 0.7476 0.8039 0.8068 0.8284 0.8311 0.8985 0.9042 0.9528 0.9719 0.9729 
1101010100011110001100001000001111000111101011101
1100010100000110001101101100011101000111110010000
1101010100011110001100001000001111000111101011101
1101010100011110001100001000001111000111101011101
1100010100000111000110001000001111000101110010000
1101010100011110101100001000001111000111101010010
0010101011100000010000010011100000111000000100000
1100010100000111000110001000001111000101110010000
1101010100011110001100001000001111000111101011101
0010101011100000010000010011100000111000000100000

//
segsites: 28
positions: 0.0076 0.0266 0.0540 0.0973 0.1565 0.1649 0.2317 0.2743 0.3229 0.3480 0.3830 0.3939 0.4199 0.4430 0.4474 0.4785 0.4854 0.4869 0.5174 0.5451 0.5697 0.6448 0.6766 0.7056 0.7496 0.8189 0.9930 0.9983 
0101110001101101011110010100
0001110011100101101110010000
0001010101101101001110010010
0001110011100101101110010000
0101001000010010000001001000
0001110011100101101110010000
1010000001100101001110101001
0001110001100101001110001100
1010000000010010000001001000
0001110001100101001110001100
